<?xml version="1.1" encoding="UTF-8"?>
<testsuite name="by.stub.yaml.stubs.StubRequestTest" tests="13" failures="0" errors="0" timestamp="1970-01-01T00:00:00" hostname="eminence.gap.com" time="1.365715379969E9">
  <properties/>
  <testcase name="ShouldMatchRequest_WhenMethodInRequestMethodArray" classname="by.stub.yaml.stubs.StubRequestTest" time="0.0010"/>
  <testcase name="ShouldMatchRequest_WhenAllHeadersMatching" classname="by.stub.yaml.stubs.StubRequestTest" time="0.0010"/>
  <testcase name="ShouldMatchRequest_WhenNoHeadersWerePassed" classname="by.stub.yaml.stubs.StubRequestTest" time="0.0020"/>
  <testcase name="ShouldMatchRequest_WhenAllCamelCasedHeadersMatching" classname="by.stub.yaml.stubs.StubRequestTest" time="0.0010"/>
  <testcase name="ShouldFailToMatchRequest_WhenHeadersMismatch" classname="by.stub.yaml.stubs.StubRequestTest" time="0.0010"/>
  <testcase name="ShouldFailToMatchRequest_WhenNotAllHeadersMatching" classname="by.stub.yaml.stubs.StubRequestTest" time="0.0020"/>
  <testcase name="ShouldMatchRequest_WhenAllStubbedHeadersMatching" classname="by.stub.yaml.stubs.StubRequestTest" time="0.0010"/>
  <testcase name="ShouldMatchRequest_WhenStubDidNotSpecifyQueryParams" classname="by.stub.yaml.stubs.StubRequestTest" time="0.0"/>
  <testcase name="ShouldMatchRequest_WhenAllQueryParamsMatch" classname="by.stub.yaml.stubs.StubRequestTest" time="0.0"/>
  <testcase name="ShouldMatchRequest_WhenStubbedQueryParamsMatch" classname="by.stub.yaml.stubs.StubRequestTest" time="0.0010"/>
  <testcase name="ShouldFailRequest_WhenThereIsQueryParamMismatch" classname="by.stub.yaml.stubs.StubRequestTest" time="0.0010"/>
  <testcase name="ShouldFailRequest_WhenNoQueryParamsPassed" classname="by.stub.yaml.stubs.StubRequestTest" time="0.0010"/>
  <testcase name="ShouldFailRequest_WhenNotAllQueryParamsPassed" classname="by.stub.yaml.stubs.StubRequestTest" time="0.0010"/>
  <system-out><![CDATA[]]>&#x1b;<![CDATA[[35mLoaded: [GET] /invoice/123]]>&#x1b;<![CDATA[[0m
]]>&#x1b;<![CDATA[[35mLoaded: [GET] /invoice/456]]>&#x1b;<![CDATA[[0m
]]>&#x1b;<![CDATA[[35mLoaded: [HEAD, GET] /invoice/789?paramOne=one&paramTwo=two]]>&#x1b;<![CDATA[[0m
]]>&#x1b;<![CDATA[[33mStubbed headers could not be matched with empty headers from the client: {content-type=application/xml, content-length=30, content-language=en-US} VS {}]]>&#x1b;<![CDATA[[0m
]]>&#x1b;<![CDATA[[33mStubbed query string could not be matched with empty query string from the client: {paramOne=one, paramTwo=two} VS {}]]>&#x1b;<![CDATA[[0m
]]></system-out>
  <system-err><![CDATA[]]></system-err>
</testsuite>
