<?xml version="1.1" encoding="UTF-8"?>
<testsuite name="by.stub.database.thread.ConfigurationScannerTest" tests="1" failures="0" errors="0" timestamp="1970-01-01T00:00:00" hostname="eminence.gap.com" time="1.365715379934E9">
  <properties/>
  <testcase name="run_ShouldSomething_WhenSomething" classname="by.stub.database.thread.ConfigurationScannerTest" time="0.0"/>
  <system-out><![CDATA[]]>&#x1b;<![CDATA[[35mLoaded: [GET] /some/redirecting/uri]]>&#x1b;<![CDATA[[0m
]]>&#x1b;<![CDATA[[35mLoaded: [GET] /invoice/123]]>&#x1b;<![CDATA[[0m
]]>&#x1b;<![CDATA[[35mLoaded: [GET] /invoice/555]]>&#x1b;<![CDATA[[0m
]]>&#x1b;<![CDATA[[35mLoaded: [GET] /invoice/567]]>&#x1b;<![CDATA[[0m
]]>&#x1b;<![CDATA[[35mLoaded: [POST] /invoice/567]]>&#x1b;<![CDATA[[0m
]]></system-out>
  <system-err><![CDATA[]]></system-err>
</testsuite>
