<?xml version="1.1" encoding="UTF-8"?>
<testsuite name="by.stub.yaml.YamlParserTest" tests="4" failures="0" errors="0" timestamp="2013-04-11T21:22:57" hostname="eminence.gap.com" time="0.02">
  <properties/>
  <testcase name="load_ShouldGenerateListOfHttpCycles_WhenValidYamlGiven" classname="by.stub.yaml.YamlParserTest" time="0.0060"/>
  <testcase name="load_ShouldSetDefaultResponse_WhenResponseSectionOmitted" classname="by.stub.yaml.YamlParserTest" time="0.0060"/>
  <testcase name="load_ShouldSetMethodToHaveGET_WhenMethodSectionOmitted" classname="by.stub.yaml.YamlParserTest" time="0.0060"/>
  <testcase name="load_ShouldContainFilePathInRequest_WhenFileSpecifiedInYaml" classname="by.stub.yaml.YamlParserTest" time="0.0010"/>
  <system-out><![CDATA[]]></system-out>
  <system-err><![CDATA[]]></system-err>
</testsuite>
