<?xml version="1.1" encoding="UTF-8"?>
<testsuite name="by.stub.StubsTest" tests="14" failures="0" errors="0" timestamp="1970-01-01T00:00:00" hostname="eminence.gap.com" time="1.365715376856E9">
  <properties/>
  <testcase name="should_ReactToPostRequest_WithoutPost_AndPostNotSupplied" classname="by.stub.StubsTest" time="0.0050"/>
  <testcase name="should_ReactToPostRequest_WithoutPost_AndPostSupplied" classname="by.stub.StubsTest" time="0.0050"/>
  <testcase name="should_ReturnAllProducts_WhenGetRequestMade" classname="by.stub.StubsTest" time="0.014"/>
  <testcase name="should_FailToReturnAllProducts_WhenGetRequestMadeWithoutRequiredQueryString" classname="by.stub.StubsTest" time="0.011"/>
  <testcase name="should_ReturnAllProducts_WhenGetRequestMadeOverSsl" classname="by.stub.StubsTest" time="0.105"/>
  <testcase name="should_FailToReturnAllProducts_WhenGetRequestMadeWithoutRequiredQueryStringOverSsl" classname="by.stub.StubsTest" time="0.011"/>
  <testcase name="should_UpdateProduct_WhenPutRequestMade" classname="by.stub.StubsTest" time="0.0040"/>
  <testcase name="should_UpdateProduct_WhenPutRequestMadeOverSsl" classname="by.stub.StubsTest" time="0.0040"/>
  <testcase name="should_UpdateProduct_WhenPutRequestMadeWithWrongPost" classname="by.stub.StubsTest" time="0.0050"/>
  <testcase name="should_UpdateProduct_WhenPutRequestMadeWithWrongPostOverSsl" classname="by.stub.StubsTest" time="0.0050"/>
  <testcase name="should_CreateNewProduct_WhenPostRequestMade" classname="by.stub.StubsTest" time="0.0050"/>
  <testcase name="should_CreateNewProduct_WhenPostRequestMadeOverSsl" classname="by.stub.StubsTest" time="0.0050"/>
  <testcase name="should_FailtToCreateNewProduct_WhenPostRequestMadeWhenWrongHeaderSet" classname="by.stub.StubsTest" time="0.0050"/>
  <testcase name="should_FailtToCreateNewProduct_WhenPostRequestMadeWhenWrongHeaderSetOverSsl" classname="by.stub.StubsTest" time="0.0040"/>
  <system-out><![CDATA[
]]></system-out>
  <system-err><![CDATA[]]></system-err>
</testsuite>
