<component name="libraryTable">
  <library name="junit-4.10">
    <CLASSES>
      <root url="jar://$USER_HOME$/.gradle/caches/artifacts-23/filestore/junit/junit/4.10/jar/e4f1766ce7404a08f45d859fb9c226fc9e41a861/junit-4.10.jar!/" />
    </CLASSES>
    <JAVADOC />
    <SOURCES>
      <root url="jar://$USER_HOME$/.gradle/caches/artifacts-23/filestore/junit/junit/4.10/source/8e93077a40b71bb31f4a7af2df776ba746e1ad7b/junit-4.10-sources.jar!/" />
    </SOURCES>
  </library>
</component>