<?xml version="1.1" encoding="UTF-8"?>
<testsuite name="by.stub.handlers.strategy.RedirectResponseHandlingStrategyTest" tests="2" failures="0" errors="0" timestamp="2013-04-11T21:23:07" hostname="eminence.gap.com" time="0.107">
  <properties/>
  <testcase name="shouldVerifyBehaviourWhenHandlingRedirectResponseWithoutLatency" classname="by.stub.handlers.strategy.RedirectResponseHandlingStrategyTest" time="0.0040"/>
  <testcase name="shouldVerifyBehaviourWhenHandlingRedirectResponseWithLatency" classname="by.stub.handlers.strategy.RedirectResponseHandlingStrategyTest" time="0.103"/>
  <system-out><![CDATA[]]></system-out>
  <system-err><![CDATA[]]></system-err>
</testsuite>
