<?xml version="1.1" encoding="UTF-8"?>
<testsuite name="by.stub.handlers.StubsHandlerTest" tests="10" failures="0" errors="0" timestamp="2013-04-11T21:23:06" hostname="eminence.gap.com" time="0.148">
  <properties/>
  <testcase name="verifyBehaviourDuringHandleGetRequestWithNoResults" classname="by.stub.handlers.StubsHandlerTest" time="0.048"/>
  <testcase name="verifyBehaviourDuringHandlePostRequestWithNoResults" classname="by.stub.handlers.StubsHandlerTest" time="0.0060"/>
  <testcase name="verifyBehaviourDuringHandlePostRequestWithMissingPostData" classname="by.stub.handlers.StubsHandlerTest" time="0.0030"/>
  <testcase name="verifyBehaviourDuringHandlePostRequestWithEmptyPostData" classname="by.stub.handlers.StubsHandlerTest" time="0.0030"/>
  <testcase name="verifyBehaviourDuringHandleGetRequestWithSomeResults" classname="by.stub.handlers.StubsHandlerTest" time="0.0090"/>
  <testcase name="verifyBehaviourDuringHandleGetRequestWithNoAuthorizationHeaderSet" classname="by.stub.handlers.StubsHandlerTest" time="0.0090"/>
  <testcase name="verifyBehaviourDuringHandleGetRequestWithEmptyAuthorizationHeaderSet" classname="by.stub.handlers.StubsHandlerTest" time="0.0030"/>
  <testcase name="verifyBehaviourDuringHandlePostRequestWithMatch" classname="by.stub.handlers.StubsHandlerTest" time="0.0040"/>
  <testcase name="verifyBehaviourDuringHandleGetRequestWithLatency" classname="by.stub.handlers.StubsHandlerTest" time="0.054"/>
  <testcase name="verifyBehaviourDuringHandleGetRequestWithInvalidLatency" classname="by.stub.handlers.StubsHandlerTest" time="0.0020"/>
  <system-out><![CDATA[]]></system-out>
  <system-err><![CDATA[]]></system-err>
</testsuite>
