<?xml version="1.1" encoding="UTF-8"?>
<testsuite name="by.stub.utils.HandlerUtilsTest" tests="4" failures="0" errors="0" timestamp="2013-04-11T21:23:07" hostname="eminence.gap.com" time="0.0020">
  <properties/>
  <ignored-testcase name="shouldGenerateServerName" classname="by.stub.utils.HandlerUtilsTest" time="0.0"/>
  <testcase name="shouldEscapeHtmlEntities" classname="by.stub.utils.HandlerUtilsTest" time="0.0"/>
  <testcase name="shouldLinkifyUriString" classname="by.stub.utils.HandlerUtilsTest" time="0.0"/>
  <testcase name="shouldLinkifyUriStringForHttps" classname="by.stub.utils.HandlerUtilsTest" time="0.0010"/>
  <system-out><![CDATA[]]></system-out>
  <system-err><![CDATA[]]></system-err>
</testsuite>
